{ error:
   Error: Something failed
       at Object.<anonymous> (/var/www/html/api-code-notes/src/index.js:35:7)
       at Module._compile (internal/modules/cjs/loader.js:776:30)
       at Object.Module._extensions..js (internal/modules/cjs/loader.js:787:10)
       at Module.load (internal/modules/cjs/loader.js:653:32)
       at tryModuleLoad (internal/modules/cjs/loader.js:593:12)
       at Function.Module._load (internal/modules/cjs/loader.js:585:3)
       at Function.Module.runMain (internal/modules/cjs/loader.js:829:12)
       at startup (internal/bootstrap/node.js:283:19)
       at bootstrapNodeJSCore (internal/bootstrap/node.js:622:3),
  level: 'error',
  message:
   'uncaughtException: Something failed\nError: Something failed\n    at Object.<anonymous> (/var/www/html/api-code-notes/src/index.js:35:7)\n    at Module._compile (internal/modules/cjs/loader.js:776:30)\n    at Object.Module._extensions..js (internal/modules/cjs/loader.js:787:10)\n    at Module.load (internal/modules/cjs/loader.js:653:32)\n    at tryModuleLoad (internal/modules/cjs/loader.js:593:12)\n    at Function.Module._load (internal/modules/cjs/loader.js:585:3)\n    at Function.Module.runMain (internal/modules/cjs/loader.js:829:12)\n    at startup (internal/bootstrap/node.js:283:19)\n    at bootstrapNodeJSCore (internal/bootstrap/node.js:622:3)',
  stack:
   'Error: Something failed\n    at Object.<anonymous> (/var/www/html/api-code-notes/src/index.js:35:7)\n    at Module._compile (internal/modules/cjs/loader.js:776:30)\n    at Object.Module._extensions..js (internal/modules/cjs/loader.js:787:10)\n    at Module.load (internal/modules/cjs/loader.js:653:32)\n    at tryModuleLoad (internal/modules/cjs/loader.js:593:12)\n    at Function.Module._load (internal/modules/cjs/loader.js:585:3)\n    at Function.Module.runMain (internal/modules/cjs/loader.js:829:12)\n    at startup (internal/bootstrap/node.js:283:19)\n    at bootstrapNodeJSCore (internal/bootstrap/node.js:622:3)',
  exception: true,
  date: 'Sat Jun 22 2019 23:24:21 GMT-0300 (Brasilia Standard Time)',
  process:
   { pid: 21919,
     uid: 1000,
     gid: 1000,
     cwd: '/var/www/html/api-code-notes',
     execPath: '/usr/local/bin/node',
     version: 'v10.16.0',
     argv:
      [ '/usr/local/bin/node',
        '/var/www/html/api-code-notes/src/index.js' ],
     memoryUsage:
      { rss: 44285952,
        heapTotal: 19644416,
        heapUsed: 11672096,
        external: 350095 } },
  os:
   { loadavg: [ 1.537109375, 1.1171875, 1.0908203125 ],
     uptime: 31411 },
  trace:
   [ { column: 7,
       file: '/var/www/html/api-code-notes/src/index.js',
       function: null,
       line: 35,
       method: null,
       native: false },
     { column: 30,
       file: 'internal/modules/cjs/loader.js',
       function: 'Module._compile',
       line: 776,
       method: '_compile',
       native: false },
     { column: 10,
       file: 'internal/modules/cjs/loader.js',
       function: 'Module._extensions..js',
       line: 787,
       method: '.js',
       native: false },
     { column: 32,
       file: 'internal/modules/cjs/loader.js',
       function: 'Module.load',
       line: 653,
       method: 'load',
       native: false },
     { column: 12,
       file: 'internal/modules/cjs/loader.js',
       function: 'tryModuleLoad',
       line: 593,
       method: null,
       native: false },
     { column: 3,
       file: 'internal/modules/cjs/loader.js',
       function: 'Module._load',
       line: 585,
       method: '_load',
       native: false },
     { column: 12,
       file: 'internal/modules/cjs/loader.js',
       function: 'Module.runMain',
       line: 829,
       method: 'runMain',
       native: false },
     { column: 19,
       file: 'internal/bootstrap/node.js',
       function: 'startup',
       line: 283,
       method: null,
       native: false },
     { column: 3,
       file: 'internal/bootstrap/node.js',
       function: 'bootstrapNodeJSCore',
       line: 622,
       method: null,
       native: false } ],
  timestamp: '06-22-2019 23:24:21',
  [Symbol(level)]: 'error' }
