{ error:
   { Error: Cannot find module './routes/home'
       at Function.Module._resolveFilename (internal/modules/cjs/loader.js:636:15)
       at Function.Module._load (internal/modules/cjs/loader.js:562:25)
       at Module.require (internal/modules/cjs/loader.js:690:17)
       at require (internal/modules/cjs/helpers.js:25:18)
       at Object.<anonymous> (/var/www/html/api-code-notes/src/routes/index.js:1:14)
       at Module._compile (internal/modules/cjs/loader.js:776:30)
       at Object.Module._extensions..js (internal/modules/cjs/loader.js:787:10)
       at Module.load (internal/modules/cjs/loader.js:653:32)
       at tryModuleLoad (internal/modules/cjs/loader.js:593:12)
       at Function.Module._load (internal/modules/cjs/loader.js:585:3)
       at Module.require (internal/modules/cjs/loader.js:690:17)
       at require (internal/modules/cjs/helpers.js:25:18)
       at Object.<anonymous> (/var/www/html/api-code-notes/src/index.js:78:1)
       at Module._compile (internal/modules/cjs/loader.js:776:30)
       at Object.Module._extensions..js (internal/modules/cjs/loader.js:787:10)
       at Module.load (internal/modules/cjs/loader.js:653:32) code: 'MODULE_NOT_FOUND' },
  level: 'error',
  message:
   'uncaughtException: Cannot find module \'./routes/home\'\nError: Cannot find module \'./routes/home\'\n    at Function.Module._resolveFilename (internal/modules/cjs/loader.js:636:15)\n    at Function.Module._load (internal/modules/cjs/loader.js:562:25)\n    at Module.require (internal/modules/cjs/loader.js:690:17)\n    at require (internal/modules/cjs/helpers.js:25:18)\n    at Object.<anonymous> (/var/www/html/api-code-notes/src/routes/index.js:1:14)\n    at Module._compile (internal/modules/cjs/loader.js:776:30)\n    at Object.Module._extensions..js (internal/modules/cjs/loader.js:787:10)\n    at Module.load (internal/modules/cjs/loader.js:653:32)\n    at tryModuleLoad (internal/modules/cjs/loader.js:593:12)\n    at Function.Module._load (internal/modules/cjs/loader.js:585:3)\n    at Module.require (internal/modules/cjs/loader.js:690:17)\n    at require (internal/modules/cjs/helpers.js:25:18)\n    at Object.<anonymous> (/var/www/html/api-code-notes/src/index.js:78:1)\n    at Module._compile (internal/modules/cjs/loader.js:776:30)\n    at Object.Module._extensions..js (internal/modules/cjs/loader.js:787:10)\n    at Module.load (internal/modules/cjs/loader.js:653:32)',
  stack:
   'Error: Cannot find module \'./routes/home\'\n    at Function.Module._resolveFilename (internal/modules/cjs/loader.js:636:15)\n    at Function.Module._load (internal/modules/cjs/loader.js:562:25)\n    at Module.require (internal/modules/cjs/loader.js:690:17)\n    at require (internal/modules/cjs/helpers.js:25:18)\n    at Object.<anonymous> (/var/www/html/api-code-notes/src/routes/index.js:1:14)\n    at Module._compile (internal/modules/cjs/loader.js:776:30)\n    at Object.Module._extensions..js (internal/modules/cjs/loader.js:787:10)\n    at Module.load (internal/modules/cjs/loader.js:653:32)\n    at tryModuleLoad (internal/modules/cjs/loader.js:593:12)\n    at Function.Module._load (internal/modules/cjs/loader.js:585:3)\n    at Module.require (internal/modules/cjs/loader.js:690:17)\n    at require (internal/modules/cjs/helpers.js:25:18)\n    at Object.<anonymous> (/var/www/html/api-code-notes/src/index.js:78:1)\n    at Module._compile (internal/modules/cjs/loader.js:776:30)\n    at Object.Module._extensions..js (internal/modules/cjs/loader.js:787:10)\n    at Module.load (internal/modules/cjs/loader.js:653:32)',
  exception: true,
  date: 'Sun Jun 23 2019 09:58:22 GMT-0300 (Brasilia Standard Time)',
  process:
   { pid: 10192,
     uid: 1000,
     gid: 1000,
     cwd: '/var/www/html/api-code-notes',
     execPath: '/usr/local/bin/node',
     version: 'v10.16.0',
     argv:
      [ '/usr/local/bin/node',
        '/var/www/html/api-code-notes/src/index.js' ],
     memoryUsage:
      { rss: 66424832,
        heapTotal: 37470208,
        heapUsed: 19152200,
        external: 18402931 } },
  os:
   { loadavg: [ 1.3203125, 1.56396484375, 1.21044921875 ],
     uptime: 3048 },
  trace:
   [ { column: 15,
       file: 'internal/modules/cjs/loader.js',
       function: 'Module._resolveFilename',
       line: 636,
       method: '_resolveFilename',
       native: false },
     { column: 25,
       file: 'internal/modules/cjs/loader.js',
       function: 'Module._load',
       line: 562,
       method: '_load',
       native: false },
     { column: 17,
       file: 'internal/modules/cjs/loader.js',
       function: 'Module.require',
       line: 690,
       method: 'require',
       native: false },
     { column: 18,
       file: 'internal/modules/cjs/helpers.js',
       function: 'require',
       line: 25,
       method: null,
       native: false },
     { column: 14,
       file: '/var/www/html/api-code-notes/src/routes/index.js',
       function: null,
       line: 1,
       method: null,
       native: false },
     { column: 30,
       file: 'internal/modules/cjs/loader.js',
       function: 'Module._compile',
       line: 776,
       method: '_compile',
       native: false },
     { column: 10,
       file: 'internal/modules/cjs/loader.js',
       function: 'Module._extensions..js',
       line: 787,
       method: '.js',
       native: false },
     { column: 32,
       file: 'internal/modules/cjs/loader.js',
       function: 'Module.load',
       line: 653,
       method: 'load',
       native: false },
     { column: 12,
       file: 'internal/modules/cjs/loader.js',
       function: 'tryModuleLoad',
       line: 593,
       method: null,
       native: false },
     { column: 3,
       file: 'internal/modules/cjs/loader.js',
       function: 'Module._load',
       line: 585,
       method: '_load',
       native: false },
     { column: 17,
       file: 'internal/modules/cjs/loader.js',
       function: 'Module.require',
       line: 690,
       method: 'require',
       native: false },
     { column: 18,
       file: 'internal/modules/cjs/helpers.js',
       function: 'require',
       line: 25,
       method: null,
       native: false },
     { column: 1,
       file: '/var/www/html/api-code-notes/src/index.js',
       function: null,
       line: 78,
       method: null,
       native: false },
     { column: 30,
       file: 'internal/modules/cjs/loader.js',
       function: 'Module._compile',
       line: 776,
       method: '_compile',
       native: false },
     { column: 10,
       file: 'internal/modules/cjs/loader.js',
       function: 'Module._extensions..js',
       line: 787,
       method: '.js',
       native: false },
     { column: 32,
       file: 'internal/modules/cjs/loader.js',
       function: 'Module.load',
       line: 653,
       method: 'load',
       native: false } ],
  timestamp: '06-23-2019 09:58:22' }
{ error:
   TypeError: require(...) is not a function
       at Object.<anonymous> (/var/www/html/api-code-notes/src/index.js:81:33)
       at Module._compile (internal/modules/cjs/loader.js:776:30)
       at Object.Module._extensions..js (internal/modules/cjs/loader.js:787:10)
       at Module.load (internal/modules/cjs/loader.js:653:32)
       at tryModuleLoad (internal/modules/cjs/loader.js:593:12)
       at Function.Module._load (internal/modules/cjs/loader.js:585:3)
       at Function.Module.runMain (internal/modules/cjs/loader.js:829:12)
       at startup (internal/bootstrap/node.js:283:19)
       at bootstrapNodeJSCore (internal/bootstrap/node.js:622:3),
  level: 'error',
  message:
   'uncaughtException: require(...) is not a function\nTypeError: require(...) is not a function\n    at Object.<anonymous> (/var/www/html/api-code-notes/src/index.js:81:33)\n    at Module._compile (internal/modules/cjs/loader.js:776:30)\n    at Object.Module._extensions..js (internal/modules/cjs/loader.js:787:10)\n    at Module.load (internal/modules/cjs/loader.js:653:32)\n    at tryModuleLoad (internal/modules/cjs/loader.js:593:12)\n    at Function.Module._load (internal/modules/cjs/loader.js:585:3)\n    at Function.Module.runMain (internal/modules/cjs/loader.js:829:12)\n    at startup (internal/bootstrap/node.js:283:19)\n    at bootstrapNodeJSCore (internal/bootstrap/node.js:622:3)',
  stack:
   'TypeError: require(...) is not a function\n    at Object.<anonymous> (/var/www/html/api-code-notes/src/index.js:81:33)\n    at Module._compile (internal/modules/cjs/loader.js:776:30)\n    at Object.Module._extensions..js (internal/modules/cjs/loader.js:787:10)\n    at Module.load (internal/modules/cjs/loader.js:653:32)\n    at tryModuleLoad (internal/modules/cjs/loader.js:593:12)\n    at Function.Module._load (internal/modules/cjs/loader.js:585:3)\n    at Function.Module.runMain (internal/modules/cjs/loader.js:829:12)\n    at startup (internal/bootstrap/node.js:283:19)\n    at bootstrapNodeJSCore (internal/bootstrap/node.js:622:3)',
  exception: true,
  date: 'Sun Jun 23 2019 10:03:19 GMT-0300 (Brasilia Standard Time)',
  process:
   { pid: 10721,
     uid: 1000,
     gid: 1000,
     cwd: '/var/www/html/api-code-notes',
     execPath: '/usr/local/bin/node',
     version: 'v10.16.0',
     argv:
      [ '/usr/local/bin/node',
        '/var/www/html/api-code-notes/src/index.js' ],
     memoryUsage:
      { rss: 76795904,
        heapTotal: 60026880,
        heapUsed: 25913064,
        external: 18509422 } },
  os:
   { loadavg: [ 0.2138671875, 1.041015625, 1.1142578125 ],
     uptime: 3345 },
  trace:
   [ { column: 33,
       file: '/var/www/html/api-code-notes/src/index.js',
       function: null,
       line: 81,
       method: null,
       native: false },
     { column: 30,
       file: 'internal/modules/cjs/loader.js',
       function: 'Module._compile',
       line: 776,
       method: '_compile',
       native: false },
     { column: 10,
       file: 'internal/modules/cjs/loader.js',
       function: 'Module._extensions..js',
       line: 787,
       method: '.js',
       native: false },
     { column: 32,
       file: 'internal/modules/cjs/loader.js',
       function: 'Module.load',
       line: 653,
       method: 'load',
       native: false },
     { column: 12,
       file: 'internal/modules/cjs/loader.js',
       function: 'tryModuleLoad',
       line: 593,
       method: null,
       native: false },
     { column: 3,
       file: 'internal/modules/cjs/loader.js',
       function: 'Module._load',
       line: 585,
       method: '_load',
       native: false },
     { column: 12,
       file: 'internal/modules/cjs/loader.js',
       function: 'Module.runMain',
       line: 829,
       method: 'runMain',
       native: false },
     { column: 19,
       file: 'internal/bootstrap/node.js',
       function: 'startup',
       line: 283,
       method: null,
       native: false },
     { column: 3,
       file: 'internal/bootstrap/node.js',
       function: 'bootstrapNodeJSCore',
       line: 622,
       method: null,
       native: false } ],
  timestamp: '06-23-2019 10:03:19' }
{ error:
   { Error: Cannot find module './middlewares/authorization'
       at Function.Module._resolveFilename (internal/modules/cjs/loader.js:636:15)
       at Function.Module._load (internal/modules/cjs/loader.js:562:25)
       at Module.require (internal/modules/cjs/loader.js:690:17)
       at require (internal/modules/cjs/helpers.js:25:18)
       at Object.<anonymous> (/var/www/html/api-code-notes/src/routes/index.js:3:23)
       at Module._compile (internal/modules/cjs/loader.js:776:30)
       at Object.Module._extensions..js (internal/modules/cjs/loader.js:787:10)
       at Module.load (internal/modules/cjs/loader.js:653:32)
       at tryModuleLoad (internal/modules/cjs/loader.js:593:12)
       at Function.Module._load (internal/modules/cjs/loader.js:585:3)
       at Module.require (internal/modules/cjs/loader.js:690:17)
       at require (internal/modules/cjs/helpers.js:25:18)
       at Object.<anonymous> (/var/www/html/api-code-notes/src/index.js:68:1)
       at Module._compile (internal/modules/cjs/loader.js:776:30)
       at Object.Module._extensions..js (internal/modules/cjs/loader.js:787:10)
       at Module.load (internal/modules/cjs/loader.js:653:32) code: 'MODULE_NOT_FOUND' },
  level: 'error',
  message:
   'uncaughtException: Cannot find module \'./middlewares/authorization\'\nError: Cannot find module \'./middlewares/authorization\'\n    at Function.Module._resolveFilename (internal/modules/cjs/loader.js:636:15)\n    at Function.Module._load (internal/modules/cjs/loader.js:562:25)\n    at Module.require (internal/modules/cjs/loader.js:690:17)\n    at require (internal/modules/cjs/helpers.js:25:18)\n    at Object.<anonymous> (/var/www/html/api-code-notes/src/routes/index.js:3:23)\n    at Module._compile (internal/modules/cjs/loader.js:776:30)\n    at Object.Module._extensions..js (internal/modules/cjs/loader.js:787:10)\n    at Module.load (internal/modules/cjs/loader.js:653:32)\n    at tryModuleLoad (internal/modules/cjs/loader.js:593:12)\n    at Function.Module._load (internal/modules/cjs/loader.js:585:3)\n    at Module.require (internal/modules/cjs/loader.js:690:17)\n    at require (internal/modules/cjs/helpers.js:25:18)\n    at Object.<anonymous> (/var/www/html/api-code-notes/src/index.js:68:1)\n    at Module._compile (internal/modules/cjs/loader.js:776:30)\n    at Object.Module._extensions..js (internal/modules/cjs/loader.js:787:10)\n    at Module.load (internal/modules/cjs/loader.js:653:32)',
  stack:
   'Error: Cannot find module \'./middlewares/authorization\'\n    at Function.Module._resolveFilename (internal/modules/cjs/loader.js:636:15)\n    at Function.Module._load (internal/modules/cjs/loader.js:562:25)\n    at Module.require (internal/modules/cjs/loader.js:690:17)\n    at require (internal/modules/cjs/helpers.js:25:18)\n    at Object.<anonymous> (/var/www/html/api-code-notes/src/routes/index.js:3:23)\n    at Module._compile (internal/modules/cjs/loader.js:776:30)\n    at Object.Module._extensions..js (internal/modules/cjs/loader.js:787:10)\n    at Module.load (internal/modules/cjs/loader.js:653:32)\n    at tryModuleLoad (internal/modules/cjs/loader.js:593:12)\n    at Function.Module._load (internal/modules/cjs/loader.js:585:3)\n    at Module.require (internal/modules/cjs/loader.js:690:17)\n    at require (internal/modules/cjs/helpers.js:25:18)\n    at Object.<anonymous> (/var/www/html/api-code-notes/src/index.js:68:1)\n    at Module._compile (internal/modules/cjs/loader.js:776:30)\n    at Object.Module._extensions..js (internal/modules/cjs/loader.js:787:10)\n    at Module.load (internal/modules/cjs/loader.js:653:32)',
  exception: true,
  date: 'Sun Jun 23 2019 10:11:33 GMT-0300 (Brasilia Standard Time)',
  process:
   { pid: 11387,
     uid: 1000,
     gid: 1000,
     cwd: '/var/www/html/api-code-notes',
     execPath: '/usr/local/bin/node',
     version: 'v10.16.0',
     argv:
      [ '/usr/local/bin/node',
        '/var/www/html/api-code-notes/src/index.js' ],
     memoryUsage:
      { rss: 66998272,
        heapTotal: 36945920,
        heapUsed: 19417392,
        external: 18437764 } },
  os:
   { loadavg: [ 2.74658203125, 1.76220703125, 1.3251953125 ],
     uptime: 3839 },
  trace:
   [ { column: 15,
       file: 'internal/modules/cjs/loader.js',
       function: 'Module._resolveFilename',
       line: 636,
       method: '_resolveFilename',
       native: false },
     { column: 25,
       file: 'internal/modules/cjs/loader.js',
       function: 'Module._load',
       line: 562,
       method: '_load',
       native: false },
     { column: 17,
       file: 'internal/modules/cjs/loader.js',
       function: 'Module.require',
       line: 690,
       method: 'require',
       native: false },
     { column: 18,
       file: 'internal/modules/cjs/helpers.js',
       function: 'require',
       line: 25,
       method: null,
       native: false },
     { column: 23,
       file: '/var/www/html/api-code-notes/src/routes/index.js',
       function: null,
       line: 3,
       method: null,
       native: false },
     { column: 30,
       file: 'internal/modules/cjs/loader.js',
       function: 'Module._compile',
       line: 776,
       method: '_compile',
       native: false },
     { column: 10,
       file: 'internal/modules/cjs/loader.js',
       function: 'Module._extensions..js',
       line: 787,
       method: '.js',
       native: false },
     { column: 32,
       file: 'internal/modules/cjs/loader.js',
       function: 'Module.load',
       line: 653,
       method: 'load',
       native: false },
     { column: 12,
       file: 'internal/modules/cjs/loader.js',
       function: 'tryModuleLoad',
       line: 593,
       method: null,
       native: false },
     { column: 3,
       file: 'internal/modules/cjs/loader.js',
       function: 'Module._load',
       line: 585,
       method: '_load',
       native: false },
     { column: 17,
       file: 'internal/modules/cjs/loader.js',
       function: 'Module.require',
       line: 690,
       method: 'require',
       native: false },
     { column: 18,
       file: 'internal/modules/cjs/helpers.js',
       function: 'require',
       line: 25,
       method: null,
       native: false },
     { column: 1,
       file: '/var/www/html/api-code-notes/src/index.js',
       function: null,
       line: 68,
       method: null,
       native: false },
     { column: 30,
       file: 'internal/modules/cjs/loader.js',
       function: 'Module._compile',
       line: 776,
       method: '_compile',
       native: false },
     { column: 10,
       file: 'internal/modules/cjs/loader.js',
       function: 'Module._extensions..js',
       line: 787,
       method: '.js',
       native: false },
     { column: 32,
       file: 'internal/modules/cjs/loader.js',
       function: 'Module.load',
       line: 653,
       method: 'load',
       native: false } ],
  timestamp: '06-23-2019 10:11:33' }
{ error:
   { Error: Cannot find module './middlewares/authorization'
       at Function.Module._resolveFilename (internal/modules/cjs/loader.js:636:15)
       at Function.Module._load (internal/modules/cjs/loader.js:562:25)
       at Module.require (internal/modules/cjs/loader.js:690:17)
       at require (internal/modules/cjs/helpers.js:25:18)
       at Object.<anonymous> (/var/www/html/api-code-notes/src/routes/index.js:3:23)
       at Module._compile (internal/modules/cjs/loader.js:776:30)
       at Object.Module._extensions..js (internal/modules/cjs/loader.js:787:10)
       at Module.load (internal/modules/cjs/loader.js:653:32)
       at tryModuleLoad (internal/modules/cjs/loader.js:593:12)
       at Function.Module._load (internal/modules/cjs/loader.js:585:3)
       at Module.require (internal/modules/cjs/loader.js:690:17)
       at require (internal/modules/cjs/helpers.js:25:18)
       at Object.<anonymous> (/var/www/html/api-code-notes/src/index.js:68:1)
       at Module._compile (internal/modules/cjs/loader.js:776:30)
       at Object.Module._extensions..js (internal/modules/cjs/loader.js:787:10)
       at Module.load (internal/modules/cjs/loader.js:653:32) code: 'MODULE_NOT_FOUND' },
  level: 'error',
  message:
   'uncaughtException: Cannot find module \'./middlewares/authorization\'\nError: Cannot find module \'./middlewares/authorization\'\n    at Function.Module._resolveFilename (internal/modules/cjs/loader.js:636:15)\n    at Function.Module._load (internal/modules/cjs/loader.js:562:25)\n    at Module.require (internal/modules/cjs/loader.js:690:17)\n    at require (internal/modules/cjs/helpers.js:25:18)\n    at Object.<anonymous> (/var/www/html/api-code-notes/src/routes/index.js:3:23)\n    at Module._compile (internal/modules/cjs/loader.js:776:30)\n    at Object.Module._extensions..js (internal/modules/cjs/loader.js:787:10)\n    at Module.load (internal/modules/cjs/loader.js:653:32)\n    at tryModuleLoad (internal/modules/cjs/loader.js:593:12)\n    at Function.Module._load (internal/modules/cjs/loader.js:585:3)\n    at Module.require (internal/modules/cjs/loader.js:690:17)\n    at require (internal/modules/cjs/helpers.js:25:18)\n    at Object.<anonymous> (/var/www/html/api-code-notes/src/index.js:68:1)\n    at Module._compile (internal/modules/cjs/loader.js:776:30)\n    at Object.Module._extensions..js (internal/modules/cjs/loader.js:787:10)\n    at Module.load (internal/modules/cjs/loader.js:653:32)',
  stack:
   'Error: Cannot find module \'./middlewares/authorization\'\n    at Function.Module._resolveFilename (internal/modules/cjs/loader.js:636:15)\n    at Function.Module._load (internal/modules/cjs/loader.js:562:25)\n    at Module.require (internal/modules/cjs/loader.js:690:17)\n    at require (internal/modules/cjs/helpers.js:25:18)\n    at Object.<anonymous> (/var/www/html/api-code-notes/src/routes/index.js:3:23)\n    at Module._compile (internal/modules/cjs/loader.js:776:30)\n    at Object.Module._extensions..js (internal/modules/cjs/loader.js:787:10)\n    at Module.load (internal/modules/cjs/loader.js:653:32)\n    at tryModuleLoad (internal/modules/cjs/loader.js:593:12)\n    at Function.Module._load (internal/modules/cjs/loader.js:585:3)\n    at Module.require (internal/modules/cjs/loader.js:690:17)\n    at require (internal/modules/cjs/helpers.js:25:18)\n    at Object.<anonymous> (/var/www/html/api-code-notes/src/index.js:68:1)\n    at Module._compile (internal/modules/cjs/loader.js:776:30)\n    at Object.Module._extensions..js (internal/modules/cjs/loader.js:787:10)\n    at Module.load (internal/modules/cjs/loader.js:653:32)',
  exception: true,
  date: 'Sun Jun 23 2019 10:12:16 GMT-0300 (Brasilia Standard Time)',
  process:
   { pid: 11438,
     uid: 1000,
     gid: 1000,
     cwd: '/var/www/html/api-code-notes',
     execPath: '/usr/local/bin/node',
     version: 'v10.16.0',
     argv:
      [ '/usr/local/bin/node',
        '/var/www/html/api-code-notes/src/index.js' ],
     memoryUsage:
      { rss: 66891776,
        heapTotal: 36945920,
        heapUsed: 19569040,
        external: 18437764 } },
  os:
   { loadavg: [ 1.71630859375, 1.6181640625, 1.2939453125 ],
     uptime: 3882 },
  trace:
   [ { column: 15,
       file: 'internal/modules/cjs/loader.js',
       function: 'Module._resolveFilename',
       line: 636,
       method: '_resolveFilename',
       native: false },
     { column: 25,
       file: 'internal/modules/cjs/loader.js',
       function: 'Module._load',
       line: 562,
       method: '_load',
       native: false },
     { column: 17,
       file: 'internal/modules/cjs/loader.js',
       function: 'Module.require',
       line: 690,
       method: 'require',
       native: false },
     { column: 18,
       file: 'internal/modules/cjs/helpers.js',
       function: 'require',
       line: 25,
       method: null,
       native: false },
     { column: 23,
       file: '/var/www/html/api-code-notes/src/routes/index.js',
       function: null,
       line: 3,
       method: null,
       native: false },
     { column: 30,
       file: 'internal/modules/cjs/loader.js',
       function: 'Module._compile',
       line: 776,
       method: '_compile',
       native: false },
     { column: 10,
       file: 'internal/modules/cjs/loader.js',
       function: 'Module._extensions..js',
       line: 787,
       method: '.js',
       native: false },
     { column: 32,
       file: 'internal/modules/cjs/loader.js',
       function: 'Module.load',
       line: 653,
       method: 'load',
       native: false },
     { column: 12,
       file: 'internal/modules/cjs/loader.js',
       function: 'tryModuleLoad',
       line: 593,
       method: null,
       native: false },
     { column: 3,
       file: 'internal/modules/cjs/loader.js',
       function: 'Module._load',
       line: 585,
       method: '_load',
       native: false },
     { column: 17,
       file: 'internal/modules/cjs/loader.js',
       function: 'Module.require',
       line: 690,
       method: 'require',
       native: false },
     { column: 18,
       file: 'internal/modules/cjs/helpers.js',
       function: 'require',
       line: 25,
       method: null,
       native: false },
     { column: 1,
       file: '/var/www/html/api-code-notes/src/index.js',
       function: null,
       line: 68,
       method: null,
       native: false },
     { column: 30,
       file: 'internal/modules/cjs/loader.js',
       function: 'Module._compile',
       line: 776,
       method: '_compile',
       native: false },
     { column: 10,
       file: 'internal/modules/cjs/loader.js',
       function: 'Module._extensions..js',
       line: 787,
       method: '.js',
       native: false },
     { column: 32,
       file: 'internal/modules/cjs/loader.js',
       function: 'Module.load',
       line: 653,
       method: 'load',
       native: false } ],
  timestamp: '06-23-2019 10:12:16' }
{ error:
   { Error: Cannot find module './middlewares/authorization'
       at Function.Module._resolveFilename (internal/modules/cjs/loader.js:636:15)
       at Function.Module._load (internal/modules/cjs/loader.js:562:25)
       at Module.require (internal/modules/cjs/loader.js:690:17)
       at require (internal/modules/cjs/helpers.js:25:18)
       at Object.<anonymous> (/var/www/html/api-code-notes/src/routes/index.js:3:23)
       at Module._compile (internal/modules/cjs/loader.js:776:30)
       at Object.Module._extensions..js (internal/modules/cjs/loader.js:787:10)
       at Module.load (internal/modules/cjs/loader.js:653:32)
       at tryModuleLoad (internal/modules/cjs/loader.js:593:12)
       at Function.Module._load (internal/modules/cjs/loader.js:585:3)
       at Module.require (internal/modules/cjs/loader.js:690:17)
       at require (internal/modules/cjs/helpers.js:25:18)
       at Object.<anonymous> (/var/www/html/api-code-notes/src/index.js:66:1)
       at Module._compile (internal/modules/cjs/loader.js:776:30)
       at Object.Module._extensions..js (internal/modules/cjs/loader.js:787:10)
       at Module.load (internal/modules/cjs/loader.js:653:32) code: 'MODULE_NOT_FOUND' },
  level: 'error',
  message:
   'uncaughtException: Cannot find module \'./middlewares/authorization\'\nError: Cannot find module \'./middlewares/authorization\'\n    at Function.Module._resolveFilename (internal/modules/cjs/loader.js:636:15)\n    at Function.Module._load (internal/modules/cjs/loader.js:562:25)\n    at Module.require (internal/modules/cjs/loader.js:690:17)\n    at require (internal/modules/cjs/helpers.js:25:18)\n    at Object.<anonymous> (/var/www/html/api-code-notes/src/routes/index.js:3:23)\n    at Module._compile (internal/modules/cjs/loader.js:776:30)\n    at Object.Module._extensions..js (internal/modules/cjs/loader.js:787:10)\n    at Module.load (internal/modules/cjs/loader.js:653:32)\n    at tryModuleLoad (internal/modules/cjs/loader.js:593:12)\n    at Function.Module._load (internal/modules/cjs/loader.js:585:3)\n    at Module.require (internal/modules/cjs/loader.js:690:17)\n    at require (internal/modules/cjs/helpers.js:25:18)\n    at Object.<anonymous> (/var/www/html/api-code-notes/src/index.js:66:1)\n    at Module._compile (internal/modules/cjs/loader.js:776:30)\n    at Object.Module._extensions..js (internal/modules/cjs/loader.js:787:10)\n    at Module.load (internal/modules/cjs/loader.js:653:32)',
  stack:
   'Error: Cannot find module \'./middlewares/authorization\'\n    at Function.Module._resolveFilename (internal/modules/cjs/loader.js:636:15)\n    at Function.Module._load (internal/modules/cjs/loader.js:562:25)\n    at Module.require (internal/modules/cjs/loader.js:690:17)\n    at require (internal/modules/cjs/helpers.js:25:18)\n    at Object.<anonymous> (/var/www/html/api-code-notes/src/routes/index.js:3:23)\n    at Module._compile (internal/modules/cjs/loader.js:776:30)\n    at Object.Module._extensions..js (internal/modules/cjs/loader.js:787:10)\n    at Module.load (internal/modules/cjs/loader.js:653:32)\n    at tryModuleLoad (internal/modules/cjs/loader.js:593:12)\n    at Function.Module._load (internal/modules/cjs/loader.js:585:3)\n    at Module.require (internal/modules/cjs/loader.js:690:17)\n    at require (internal/modules/cjs/helpers.js:25:18)\n    at Object.<anonymous> (/var/www/html/api-code-notes/src/index.js:66:1)\n    at Module._compile (internal/modules/cjs/loader.js:776:30)\n    at Object.Module._extensions..js (internal/modules/cjs/loader.js:787:10)\n    at Module.load (internal/modules/cjs/loader.js:653:32)',
  exception: true,
  date: 'Sun Jun 23 2019 10:12:20 GMT-0300 (Brasilia Standard Time)',
  process:
   { pid: 11472,
     uid: 1000,
     gid: 1000,
     cwd: '/var/www/html/api-code-notes',
     execPath: '/usr/local/bin/node',
     version: 'v10.16.0',
     argv:
      [ '/usr/local/bin/node',
        '/var/www/html/api-code-notes/src/index.js' ],
     memoryUsage:
      { rss: 65032192,
        heapTotal: 34848768,
        heapUsed: 22219192,
        external: 20592353 } },
  os:
   { loadavg: [ 1.57861328125, 1.5908203125, 1.28662109375 ],
     uptime: 3886 },
  trace:
   [ { column: 15,
       file: 'internal/modules/cjs/loader.js',
       function: 'Module._resolveFilename',
       line: 636,
       method: '_resolveFilename',
       native: false },
     { column: 25,
       file: 'internal/modules/cjs/loader.js',
       function: 'Module._load',
       line: 562,
       method: '_load',
       native: false },
     { column: 17,
       file: 'internal/modules/cjs/loader.js',
       function: 'Module.require',
       line: 690,
       method: 'require',
       native: false },
     { column: 18,
       file: 'internal/modules/cjs/helpers.js',
       function: 'require',
       line: 25,
       method: null,
       native: false },
     { column: 23,
       file: '/var/www/html/api-code-notes/src/routes/index.js',
       function: null,
       line: 3,
       method: null,
       native: false },
     { column: 30,
       file: 'internal/modules/cjs/loader.js',
       function: 'Module._compile',
       line: 776,
       method: '_compile',
       native: false },
     { column: 10,
       file: 'internal/modules/cjs/loader.js',
       function: 'Module._extensions..js',
       line: 787,
       method: '.js',
       native: false },
     { column: 32,
       file: 'internal/modules/cjs/loader.js',
       function: 'Module.load',
       line: 653,
       method: 'load',
       native: false },
     { column: 12,
       file: 'internal/modules/cjs/loader.js',
       function: 'tryModuleLoad',
       line: 593,
       method: null,
       native: false },
     { column: 3,
       file: 'internal/modules/cjs/loader.js',
       function: 'Module._load',
       line: 585,
       method: '_load',
       native: false },
     { column: 17,
       file: 'internal/modules/cjs/loader.js',
       function: 'Module.require',
       line: 690,
       method: 'require',
       native: false },
     { column: 18,
       file: 'internal/modules/cjs/helpers.js',
       function: 'require',
       line: 25,
       method: null,
       native: false },
     { column: 1,
       file: '/var/www/html/api-code-notes/src/index.js',
       function: null,
       line: 66,
       method: null,
       native: false },
     { column: 30,
       file: 'internal/modules/cjs/loader.js',
       function: 'Module._compile',
       line: 776,
       method: '_compile',
       native: false },
     { column: 10,
       file: 'internal/modules/cjs/loader.js',
       function: 'Module._extensions..js',
       line: 787,
       method: '.js',
       native: false },
     { column: 32,
       file: 'internal/modules/cjs/loader.js',
       function: 'Module.load',
       line: 653,
       method: 'load',
       native: false } ],
  timestamp: '06-23-2019 10:12:20' }
{ error:
   { Error: Cannot find module './middlewares/authorization'
       at Function.Module._resolveFilename (internal/modules/cjs/loader.js:636:15)
       at Function.Module._load (internal/modules/cjs/loader.js:562:25)
       at Module.require (internal/modules/cjs/loader.js:690:17)
       at require (internal/modules/cjs/helpers.js:25:18)
       at Object.<anonymous> (/var/www/html/api-code-notes/src/routes/index.js:3:23)
       at Module._compile (internal/modules/cjs/loader.js:776:30)
       at Object.Module._extensions..js (internal/modules/cjs/loader.js:787:10)
       at Module.load (internal/modules/cjs/loader.js:653:32)
       at tryModuleLoad (internal/modules/cjs/loader.js:593:12)
       at Function.Module._load (internal/modules/cjs/loader.js:585:3)
       at Module.require (internal/modules/cjs/loader.js:690:17)
       at require (internal/modules/cjs/helpers.js:25:18)
       at Object.<anonymous> (/var/www/html/api-code-notes/src/index.js:66:1)
       at Module._compile (internal/modules/cjs/loader.js:776:30)
       at Object.Module._extensions..js (internal/modules/cjs/loader.js:787:10)
       at Module.load (internal/modules/cjs/loader.js:653:32) code: 'MODULE_NOT_FOUND' },
  level: 'error',
  message:
   'uncaughtException: Cannot find module \'./middlewares/authorization\'\nError: Cannot find module \'./middlewares/authorization\'\n    at Function.Module._resolveFilename (internal/modules/cjs/loader.js:636:15)\n    at Function.Module._load (internal/modules/cjs/loader.js:562:25)\n    at Module.require (internal/modules/cjs/loader.js:690:17)\n    at require (internal/modules/cjs/helpers.js:25:18)\n    at Object.<anonymous> (/var/www/html/api-code-notes/src/routes/index.js:3:23)\n    at Module._compile (internal/modules/cjs/loader.js:776:30)\n    at Object.Module._extensions..js (internal/modules/cjs/loader.js:787:10)\n    at Module.load (internal/modules/cjs/loader.js:653:32)\n    at tryModuleLoad (internal/modules/cjs/loader.js:593:12)\n    at Function.Module._load (internal/modules/cjs/loader.js:585:3)\n    at Module.require (internal/modules/cjs/loader.js:690:17)\n    at require (internal/modules/cjs/helpers.js:25:18)\n    at Object.<anonymous> (/var/www/html/api-code-notes/src/index.js:66:1)\n    at Module._compile (internal/modules/cjs/loader.js:776:30)\n    at Object.Module._extensions..js (internal/modules/cjs/loader.js:787:10)\n    at Module.load (internal/modules/cjs/loader.js:653:32)',
  stack:
   'Error: Cannot find module \'./middlewares/authorization\'\n    at Function.Module._resolveFilename (internal/modules/cjs/loader.js:636:15)\n    at Function.Module._load (internal/modules/cjs/loader.js:562:25)\n    at Module.require (internal/modules/cjs/loader.js:690:17)\n    at require (internal/modules/cjs/helpers.js:25:18)\n    at Object.<anonymous> (/var/www/html/api-code-notes/src/routes/index.js:3:23)\n    at Module._compile (internal/modules/cjs/loader.js:776:30)\n    at Object.Module._extensions..js (internal/modules/cjs/loader.js:787:10)\n    at Module.load (internal/modules/cjs/loader.js:653:32)\n    at tryModuleLoad (internal/modules/cjs/loader.js:593:12)\n    at Function.Module._load (internal/modules/cjs/loader.js:585:3)\n    at Module.require (internal/modules/cjs/loader.js:690:17)\n    at require (internal/modules/cjs/helpers.js:25:18)\n    at Object.<anonymous> (/var/www/html/api-code-notes/src/index.js:66:1)\n    at Module._compile (internal/modules/cjs/loader.js:776:30)\n    at Object.Module._extensions..js (internal/modules/cjs/loader.js:787:10)\n    at Module.load (internal/modules/cjs/loader.js:653:32)',
  exception: true,
  date: 'Sun Jun 23 2019 10:12:47 GMT-0300 (Brasilia Standard Time)',
  process:
   { pid: 11550,
     uid: 1000,
     gid: 1000,
     cwd: '/var/www/html/api-code-notes',
     execPath: '/usr/local/bin/node',
     version: 'v10.16.0',
     argv:
      [ '/usr/local/bin/node',
        '/var/www/html/api-code-notes/src/index.js' ],
     memoryUsage:
      { rss: 66564096,
        heapTotal: 37470208,
        heapUsed: 18559664,
        external: 18304622 } },
  os:
   { loadavg: [ 1.71533203125, 1.62353515625, 1.30517578125 ],
     uptime: 3913 },
  trace:
   [ { column: 15,
       file: 'internal/modules/cjs/loader.js',
       function: 'Module._resolveFilename',
       line: 636,
       method: '_resolveFilename',
       native: false },
     { column: 25,
       file: 'internal/modules/cjs/loader.js',
       function: 'Module._load',
       line: 562,
       method: '_load',
       native: false },
     { column: 17,
       file: 'internal/modules/cjs/loader.js',
       function: 'Module.require',
       line: 690,
       method: 'require',
       native: false },
     { column: 18,
       file: 'internal/modules/cjs/helpers.js',
       function: 'require',
       line: 25,
       method: null,
       native: false },
     { column: 23,
       file: '/var/www/html/api-code-notes/src/routes/index.js',
       function: null,
       line: 3,
       method: null,
       native: false },
     { column: 30,
       file: 'internal/modules/cjs/loader.js',
       function: 'Module._compile',
       line: 776,
       method: '_compile',
       native: false },
     { column: 10,
       file: 'internal/modules/cjs/loader.js',
       function: 'Module._extensions..js',
       line: 787,
       method: '.js',
       native: false },
     { column: 32,
       file: 'internal/modules/cjs/loader.js',
       function: 'Module.load',
       line: 653,
       method: 'load',
       native: false },
     { column: 12,
       file: 'internal/modules/cjs/loader.js',
       function: 'tryModuleLoad',
       line: 593,
       method: null,
       native: false },
     { column: 3,
       file: 'internal/modules/cjs/loader.js',
       function: 'Module._load',
       line: 585,
       method: '_load',
       native: false },
     { column: 17,
       file: 'internal/modules/cjs/loader.js',
       function: 'Module.require',
       line: 690,
       method: 'require',
       native: false },
     { column: 18,
       file: 'internal/modules/cjs/helpers.js',
       function: 'require',
       line: 25,
       method: null,
       native: false },
     { column: 1,
       file: '/var/www/html/api-code-notes/src/index.js',
       function: null,
       line: 66,
       method: null,
       native: false },
     { column: 30,
       file: 'internal/modules/cjs/loader.js',
       function: 'Module._compile',
       line: 776,
       method: '_compile',
       native: false },
     { column: 10,
       file: 'internal/modules/cjs/loader.js',
       function: 'Module._extensions..js',
       line: 787,
       method: '.js',
       native: false },
     { column: 32,
       file: 'internal/modules/cjs/loader.js',
       function: 'Module.load',
       line: 653,
       method: 'load',
       native: false } ],
  timestamp: '06-23-2019 10:12:47' }
{ error:
   TypeError: Cannot destructure property `message` of 'undefined' or 'null'.
       at /var/www/html/api-code-notes/src/middlewares/express/index.js:4:23
       at Object.<anonymous> (/var/www/html/api-code-notes/src/index.js:69:38)
       at Module._compile (internal/modules/cjs/loader.js:776:30)
       at Object.Module._extensions..js (internal/modules/cjs/loader.js:787:10)
       at Module.load (internal/modules/cjs/loader.js:653:32)
       at tryModuleLoad (internal/modules/cjs/loader.js:593:12)
       at Function.Module._load (internal/modules/cjs/loader.js:585:3)
       at Function.Module.runMain (internal/modules/cjs/loader.js:829:12)
       at startup (internal/bootstrap/node.js:283:19)
       at bootstrapNodeJSCore (internal/bootstrap/node.js:622:3),
  level: 'error',
  message:
   'uncaughtException: Cannot destructure property `message` of \'undefined\' or \'null\'.\nTypeError: Cannot destructure property `message` of \'undefined\' or \'null\'.\n    at /var/www/html/api-code-notes/src/middlewares/express/index.js:4:23\n    at Object.<anonymous> (/var/www/html/api-code-notes/src/index.js:69:38)\n    at Module._compile (internal/modules/cjs/loader.js:776:30)\n    at Object.Module._extensions..js (internal/modules/cjs/loader.js:787:10)\n    at Module.load (internal/modules/cjs/loader.js:653:32)\n    at tryModuleLoad (internal/modules/cjs/loader.js:593:12)\n    at Function.Module._load (internal/modules/cjs/loader.js:585:3)\n    at Function.Module.runMain (internal/modules/cjs/loader.js:829:12)\n    at startup (internal/bootstrap/node.js:283:19)\n    at bootstrapNodeJSCore (internal/bootstrap/node.js:622:3)',
  stack:
   'TypeError: Cannot destructure property `message` of \'undefined\' or \'null\'.\n    at /var/www/html/api-code-notes/src/middlewares/express/index.js:4:23\n    at Object.<anonymous> (/var/www/html/api-code-notes/src/index.js:69:38)\n    at Module._compile (internal/modules/cjs/loader.js:776:30)\n    at Object.Module._extensions..js (internal/modules/cjs/loader.js:787:10)\n    at Module.load (internal/modules/cjs/loader.js:653:32)\n    at tryModuleLoad (internal/modules/cjs/loader.js:593:12)\n    at Function.Module._load (internal/modules/cjs/loader.js:585:3)\n    at Function.Module.runMain (internal/modules/cjs/loader.js:829:12)\n    at startup (internal/bootstrap/node.js:283:19)\n    at bootstrapNodeJSCore (internal/bootstrap/node.js:622:3)',
  exception: true,
  date: 'Sun Jun 23 2019 10:15:42 GMT-0300 (Brasilia Standard Time)',
  process:
   { pid: 11848,
     uid: 1000,
     gid: 1000,
     cwd: '/var/www/html/api-code-notes',
     execPath: '/usr/local/bin/node',
     version: 'v10.16.0',
     argv:
      [ '/usr/local/bin/node',
        '/var/www/html/api-code-notes/src/index.js' ],
     memoryUsage:
      { rss: 74973184,
        heapTotal: 58978304,
        heapUsed: 26362976,
        external: 18546859 } },
  os:
   { loadavg: [ 1.47802734375, 1.37548828125, 1.24853515625 ],
     uptime: 4088 },
  trace:
   [ { column: 23,
       file:
        '/var/www/html/api-code-notes/src/middlewares/express/index.js',
       function: null,
       line: 4,
       method: null,
       native: false },
     { column: 38,
       file: '/var/www/html/api-code-notes/src/index.js',
       function: null,
       line: 69,
       method: null,
       native: false },
     { column: 30,
       file: 'internal/modules/cjs/loader.js',
       function: 'Module._compile',
       line: 776,
       method: '_compile',
       native: false },
     { column: 10,
       file: 'internal/modules/cjs/loader.js',
       function: 'Module._extensions..js',
       line: 787,
       method: '.js',
       native: false },
     { column: 32,
       file: 'internal/modules/cjs/loader.js',
       function: 'Module.load',
       line: 653,
       method: 'load',
       native: false },
     { column: 12,
       file: 'internal/modules/cjs/loader.js',
       function: 'tryModuleLoad',
       line: 593,
       method: null,
       native: false },
     { column: 3,
       file: 'internal/modules/cjs/loader.js',
       function: 'Module._load',
       line: 585,
       method: '_load',
       native: false },
     { column: 12,
       file: 'internal/modules/cjs/loader.js',
       function: 'Module.runMain',
       line: 829,
       method: 'runMain',
       native: false },
     { column: 19,
       file: 'internal/bootstrap/node.js',
       function: 'startup',
       line: 283,
       method: null,
       native: false },
     { column: 3,
       file: 'internal/bootstrap/node.js',
       function: 'bootstrapNodeJSCore',
       line: 622,
       method: null,
       native: false } ],
  timestamp: '06-23-2019 10:15:42' }
{ error:
   TypeError: require(...)(...) is not a function
       at Object.<anonymous> (/var/www/html/api-code-notes/src/index.js:69:38)
       at Module._compile (internal/modules/cjs/loader.js:776:30)
       at Object.Module._extensions..js (internal/modules/cjs/loader.js:787:10)
       at Module.load (internal/modules/cjs/loader.js:653:32)
       at tryModuleLoad (internal/modules/cjs/loader.js:593:12)
       at Function.Module._load (internal/modules/cjs/loader.js:585:3)
       at Function.Module.runMain (internal/modules/cjs/loader.js:829:12)
       at startup (internal/bootstrap/node.js:283:19)
       at bootstrapNodeJSCore (internal/bootstrap/node.js:622:3),
  level: 'error',
  message:
   'uncaughtException: require(...)(...) is not a function\nTypeError: require(...)(...) is not a function\n    at Object.<anonymous> (/var/www/html/api-code-notes/src/index.js:69:38)\n    at Module._compile (internal/modules/cjs/loader.js:776:30)\n    at Object.Module._extensions..js (internal/modules/cjs/loader.js:787:10)\n    at Module.load (internal/modules/cjs/loader.js:653:32)\n    at tryModuleLoad (internal/modules/cjs/loader.js:593:12)\n    at Function.Module._load (internal/modules/cjs/loader.js:585:3)\n    at Function.Module.runMain (internal/modules/cjs/loader.js:829:12)\n    at startup (internal/bootstrap/node.js:283:19)\n    at bootstrapNodeJSCore (internal/bootstrap/node.js:622:3)',
  stack:
   'TypeError: require(...)(...) is not a function\n    at Object.<anonymous> (/var/www/html/api-code-notes/src/index.js:69:38)\n    at Module._compile (internal/modules/cjs/loader.js:776:30)\n    at Object.Module._extensions..js (internal/modules/cjs/loader.js:787:10)\n    at Module.load (internal/modules/cjs/loader.js:653:32)\n    at tryModuleLoad (internal/modules/cjs/loader.js:593:12)\n    at Function.Module._load (internal/modules/cjs/loader.js:585:3)\n    at Function.Module.runMain (internal/modules/cjs/loader.js:829:12)\n    at startup (internal/bootstrap/node.js:283:19)\n    at bootstrapNodeJSCore (internal/bootstrap/node.js:622:3)',
  exception: true,
  date: 'Sun Jun 23 2019 10:17:19 GMT-0300 (Brasilia Standard Time)',
  process:
   { pid: 11952,
     uid: 1000,
     gid: 1000,
     cwd: '/var/www/html/api-code-notes',
     execPath: '/usr/local/bin/node',
     version: 'v10.16.0',
     argv:
      [ '/usr/local/bin/node',
        '/var/www/html/api-code-notes/src/index.js' ],
     memoryUsage:
      { rss: 76083200,
        heapTotal: 58978304,
        heapUsed: 26416288,
        external: 18555051 } },
  os:
   { loadavg: [ 1.3466796875, 1.2880859375, 1.22412109375 ],
     uptime: 4185 },
  trace:
   [ { column: 38,
       file: '/var/www/html/api-code-notes/src/index.js',
       function: null,
       line: 69,
       method: null,
       native: false },
     { column: 30,
       file: 'internal/modules/cjs/loader.js',
       function: 'Module._compile',
       line: 776,
       method: '_compile',
       native: false },
     { column: 10,
       file: 'internal/modules/cjs/loader.js',
       function: 'Module._extensions..js',
       line: 787,
       method: '.js',
       native: false },
     { column: 32,
       file: 'internal/modules/cjs/loader.js',
       function: 'Module.load',
       line: 653,
       method: 'load',
       native: false },
     { column: 12,
       file: 'internal/modules/cjs/loader.js',
       function: 'tryModuleLoad',
       line: 593,
       method: null,
       native: false },
     { column: 3,
       file: 'internal/modules/cjs/loader.js',
       function: 'Module._load',
       line: 585,
       method: '_load',
       native: false },
     { column: 12,
       file: 'internal/modules/cjs/loader.js',
       function: 'Module.runMain',
       line: 829,
       method: 'runMain',
       native: false },
     { column: 19,
       file: 'internal/bootstrap/node.js',
       function: 'startup',
       line: 283,
       method: null,
       native: false },
     { column: 3,
       file: 'internal/bootstrap/node.js',
       function: 'bootstrapNodeJSCore',
       line: 622,
       method: null,
       native: false } ],
  timestamp: '06-23-2019 10:17:19' }
{ error:
   TypeError: require(...)(...) is not a function
       at Object.<anonymous> (/var/www/html/api-code-notes/src/index.js:69:38)
       at Module._compile (internal/modules/cjs/loader.js:776:30)
       at Object.Module._extensions..js (internal/modules/cjs/loader.js:787:10)
       at Module.load (internal/modules/cjs/loader.js:653:32)
       at tryModuleLoad (internal/modules/cjs/loader.js:593:12)
       at Function.Module._load (internal/modules/cjs/loader.js:585:3)
       at Function.Module.runMain (internal/modules/cjs/loader.js:829:12)
       at startup (internal/bootstrap/node.js:283:19)
       at bootstrapNodeJSCore (internal/bootstrap/node.js:622:3),
  level: 'error',
  message:
   'uncaughtException: require(...)(...) is not a function\nTypeError: require(...)(...) is not a function\n    at Object.<anonymous> (/var/www/html/api-code-notes/src/index.js:69:38)\n    at Module._compile (internal/modules/cjs/loader.js:776:30)\n    at Object.Module._extensions..js (internal/modules/cjs/loader.js:787:10)\n    at Module.load (internal/modules/cjs/loader.js:653:32)\n    at tryModuleLoad (internal/modules/cjs/loader.js:593:12)\n    at Function.Module._load (internal/modules/cjs/loader.js:585:3)\n    at Function.Module.runMain (internal/modules/cjs/loader.js:829:12)\n    at startup (internal/bootstrap/node.js:283:19)\n    at bootstrapNodeJSCore (internal/bootstrap/node.js:622:3)',
  stack:
   'TypeError: require(...)(...) is not a function\n    at Object.<anonymous> (/var/www/html/api-code-notes/src/index.js:69:38)\n    at Module._compile (internal/modules/cjs/loader.js:776:30)\n    at Object.Module._extensions..js (internal/modules/cjs/loader.js:787:10)\n    at Module.load (internal/modules/cjs/loader.js:653:32)\n    at tryModuleLoad (internal/modules/cjs/loader.js:593:12)\n    at Function.Module._load (internal/modules/cjs/loader.js:585:3)\n    at Function.Module.runMain (internal/modules/cjs/loader.js:829:12)\n    at startup (internal/bootstrap/node.js:283:19)\n    at bootstrapNodeJSCore (internal/bootstrap/node.js:622:3)',
  exception: true,
  date: 'Sun Jun 23 2019 10:17:27 GMT-0300 (Brasilia Standard Time)',
  process:
   { pid: 11995,
     uid: 1000,
     gid: 1000,
     cwd: '/var/www/html/api-code-notes',
     execPath: '/usr/local/bin/node',
     version: 'v10.16.0',
     argv:
      [ '/usr/local/bin/node',
        '/var/www/html/api-code-notes/src/index.js' ],
     memoryUsage:
      { rss: 75767808,
        heapTotal: 58454016,
        heapUsed: 26530200,
        external: 18571435 } },
  os:
   { loadavg: [ 1.80908203125, 1.39306640625, 1.25927734375 ],
     uptime: 4193 },
  trace:
   [ { column: 38,
       file: '/var/www/html/api-code-notes/src/index.js',
       function: null,
       line: 69,
       method: null,
       native: false },
     { column: 30,
       file: 'internal/modules/cjs/loader.js',
       function: 'Module._compile',
       line: 776,
       method: '_compile',
       native: false },
     { column: 10,
       file: 'internal/modules/cjs/loader.js',
       function: 'Module._extensions..js',
       line: 787,
       method: '.js',
       native: false },
     { column: 32,
       file: 'internal/modules/cjs/loader.js',
       function: 'Module.load',
       line: 653,
       method: 'load',
       native: false },
     { column: 12,
       file: 'internal/modules/cjs/loader.js',
       function: 'tryModuleLoad',
       line: 593,
       method: null,
       native: false },
     { column: 3,
       file: 'internal/modules/cjs/loader.js',
       function: 'Module._load',
       line: 585,
       method: '_load',
       native: false },
     { column: 12,
       file: 'internal/modules/cjs/loader.js',
       function: 'Module.runMain',
       line: 829,
       method: 'runMain',
       native: false },
     { column: 19,
       file: 'internal/bootstrap/node.js',
       function: 'startup',
       line: 283,
       method: null,
       native: false },
     { column: 3,
       file: 'internal/bootstrap/node.js',
       function: 'bootstrapNodeJSCore',
       line: 622,
       method: null,
       native: false } ],
  timestamp: '06-23-2019 10:17:27' }
